Base path: C:/Program Files/Unity/Editor/Data
Pipe name: \\.\pipe\UnityShaderCompiler-2-2080
Cmd: getPlatforms
Cmd: compileSnippet
  api=9 type=0 insize=912 outsize=743 kw= ok=1
Cmd: compileSnippet
  api=9 type=1 insize=912 outsize=7 kw= ok=1
Cmd: compileSnippet
  api=9 type=0 insize=867 outsize=630 kw= ok=1
Cmd: compileSnippet
  api=9 type=1 insize=867 outsize=7 kw= ok=1
Cmd: compileSnippet
  api=4 type=0 insize=912 outsize=1071 kw= ok=1
Cmd: compileSnippet
  api=8 type=0 insize=912 outsize=1560 kw= ok=1
Cmd: compileSnippet
  api=4 type=1 insize=912 outsize=738 kw= ok=1
Cmd: compileSnippet
  api=4 type=0 insize=867 outsize=1071 kw= ok=1
Cmd: compileSnippet
  api=8 type=0 insize=867 outsize=1560 kw= ok=1
Cmd: compileSnippet
  api=4 type=1 insize=867 outsize=600 kw= ok=1
Unhandled exception: Readfile from pipe failed. GLE=O pipe foi finalizado.


Quitting shader compiler process
