Base path: C:/Program Files (x86)/Unity/Editor/Data
Pipe name: \\.\pipe\UnityShaderCompiler-1-23840
Cmd: getPlatforms
Cmd: compileSnippet
  api=5 type=0 insize=1059 outsize=1154 kw= ok=1
Cmd: compileSnippet
  api=9 type=1 insize=1059 outsize=7 kw= ok=1
Cmd: compileSnippet
  api=5 type=0 insize=11209 outsize=1530 kw= ok=1
Cmd: compileSnippet
  api=9 type=1 insize=11209 outsize=7 kw= ok=1
Cmd: compileSnippet
  api=9 type=0 insize=11201 outsize=861 kw= ok=1
Cmd: compileSnippet
  api=5 type=1 insize=11201 outsize=6 kw= ok=1
Cmd: compileSnippet
  api=9 type=0 insize=11209 outsize=2025 kw= ok=1
Cmd: compileSnippet
  api=9 type=1 insize=11209 outsize=7 kw= ok=1
Cmd: compileSnippet
  api=9 type=0 insize=11215 outsize=4393 kw= ok=1
Cmd: compileSnippet
  api=5 type=1 insize=11215 outsize=6 kw= ok=1
Cmd: compileSnippet
  api=9 type=0 insize=11225 outsize=4003 kw= ok=1
Cmd: compileSnippet
  api=9 type=1 insize=11225 outsize=7 kw= ok=1
Cmd: compileSnippet
  api=5 type=0 insize=11212 outsize=1127 kw= ok=1
Cmd: compileSnippet
  api=9 type=1 insize=11212 outsize=7 kw= ok=1
Cmd: compileSnippet
  api=9 type=0 insize=11211 outsize=2358 kw= ok=1
Cmd: compileSnippet
  api=5 type=1 insize=11211 outsize=6 kw= ok=1
Cmd: compileSnippet
  api=5 type=0 insize=11217 outsize=5053 kw= ok=1
Cmd: compileSnippet
  api=5 type=1 insize=11217 outsize=6 kw= ok=1
